SLURM_NODELIST=fleet-41
SLURM_JOB_NAME=duplicate_finder_Florence
SLURMD_NODENAME=fleet-41
SLURM_TOPOLOGY_ADDR=fleet-41
SLURM_PRIO_PROCESS=0
SLURM_NODE_ALIASES=(null)
SLURM_JOB_QOS=normal
SLURM_TOPOLOGY_ADDR_PATTERN=node
SLURM_NNODES=1
SLURM_SPANK_AUKS=done
SLURM_JOBID=54711703
SLURM_NTASKS=1
SLURM_TASKS_PER_NODE=1
SLURM_WORKING_CLUSTER=wopr:trump:6817:9216:101
SLURM_CONF=/opt/hpccf/etc/slurm/slurm.conf
SLURM_JOB_ID=54711703
SLURM_CPUS_PER_TASK=8
SLURM_JOB_USER=vhaghani
SLURM_JOB_UID=23012
SLURM_NODEID=0
SLURM_SUBMIT_DIR=/share/lasallelab/Viki/epigenerate
SLURM_TASK_PID=50123
SLURM_NPROCS=1
SLURM_CPUS_ON_NODE=8
SLURM_PROCID=0
SLURM_JOB_NODELIST=fleet-41
SLURM_LOCALID=0
SLURM_JOB_GID=23012
SLURM_JOB_CPUS_PER_NODE=8
SLURM_CLUSTER_NAME=wopr
SLURM_GTIDS=0
SLURM_SUBMIT_HOST=spitfire
SLURM_JOB_PARTITION=production
SLURM_JOB_ACCOUNT=jmlasalle
SLURM_JOB_NUM_NODES=1
SLURM_MEM_PER_NODE=5120
JobId=54711703 JobName=duplicate_finder_Florence
   UserId=vhaghani(23012) GroupId=vhaghani(23012) MCS_label=N/A
   Priority=59039 Nice=0 Account=jmlasalle QOS=normal
   JobState=RUNNING Reason=None Dependency=(null)
   Requeue=1 Restarts=0 BatchFlag=1 Reboot=0 ExitCode=0:0
   RunTime=00:00:11 TimeLimit=03:00:00 TimeMin=N/A
   SubmitTime=2023-02-01T11:43:25 EligibleTime=2023-02-01T11:43:25
   AccrueTime=2023-02-01T11:43:25
   StartTime=2023-02-01T11:43:25 EndTime=2023-02-01T14:43:25 Deadline=N/A
   SuspendTime=None SecsPreSuspend=0 LastSchedEval=2023-02-01T11:43:25
   Partition=production AllocNode:Sid=spitfire:4710
   ReqNodeList=(null) ExcNodeList=(null)
   NodeList=fleet-41
   BatchHost=fleet-41
   NumNodes=1 NumCPUs=8 NumTasks=1 CPUs/Task=8 ReqB:S:C:T=0:0:*:*
   TRES=cpu=8,mem=5G,node=1,billing=8
   Socks/Node=* NtasksPerN:B:S:C=0:0:*:* CoreSpec=*
   MinCPUsNode=8 MinMemoryNode=5G MinTmpDiskNode=0
   Features=(null) DelayBoot=00:00:00
   OverSubscribe=OK Contiguous=0 Licenses=(null) Network=(null)
   Command=/share/lasallelab/Viki/epigenerate/Duplicate_Finder/slurm_scripts/2023_02_01_dup_finder_slurm_Florence.slurm
   WorkDir=/share/lasallelab/Viki/epigenerate/Duplicate_Finder
   StdErr=/share/lasallelab/Viki/epigenerate/Duplicate_Finder/duplicate_finder_Florence.j54711703.err
   StdIn=/dev/null
   StdOut=/share/lasallelab/Viki/epigenerate/Duplicate_Finder/duplicate_finder_Florence.j54711703.out
   Power=
   MailUser=vhaghani@ucdavis.edu MailType=INVALID_DEPEND,BEGIN,END,FAIL,REQUEUE,STAGE_OUT
   NtasksPerTRES:0

JobID|MaxRSS|AveCPU
54711703.batch|1064K|00:00.000
